# 4MB
MByte/s:		14438.09
MByte/s:		8082.44
MByte/s:		14873.83
MByte/s:		14310.32
MByte/s:		14542.61
MByte/s:		15238.25
# 2G
MByte/s:		10847.42
MByte/s:		8844.85
MByte/s:		11041.34
MByte/s:		10932.14
MByte/s:		11081.49
MByte/s:		11170.31
#5MB
MByte/s:		13141.55
MByte/s:		13002.84
MByte/s:		13018.19
MByte/s:		12595.33
MByte/s:		13096.13
MByte/s:		12980.21
# SSE 5MB
MByte/s:		13415.63
MByte/s:		9287.63
MByte/s:		15102.60
MByte/s:		15515.08
MByte/s:		16445.55
MByte/s:		15209.09
# AVX 5MB
MByte/s:		16752.22
MByte/s:		16530.23
MByte/s:		16605.90
MByte/s:		17265.76
MByte/s:		16504.57
MByte/s:		16560.16
# AVX 50MB
MByte/s:		11173.99
MByte/s:		11315.85
MByte/s:		11330.09
MByte/s:		11308.43
MByte/s:		10753.47
MByte/s:		10903.88
# AVX 500MB
MByte/s:		12942.00
MByte/s:		12914.69
MByte/s:		12951.27
MByte/s:		12876.61
MByte/s:		12747.65
MByte/s:		12551.28
